<?xml version="1.0" encoding="UTF-8"?>
<!-- Generated by org.testng.reporters.JUnitReportReporter -->
<testsuite hostname="LAPTOP-GOR7BBQ9" failures="0" tests="1" name="helloWorld.TestHelloWorld" time="0.003" errors="0" timestamp="2020-10-14T21:22:27 EDT" skipped="0">
  <testcase classname="helloWorld.TestHelloWorld" name="testHelloWorld" time="0.003"/>
  <system-out/>
</testsuite> <!-- helloWorld.TestHelloWorld -->
